[2023-05-19 16:47:28] [info] Start Program:
Path:"D:\ubb\anul1-sem2\Programare orientata obiect\Laborator\lab10-11\lab10-11\x64\Debug\lab10-11.exe"
Arguments:
Working directory: "D:\ubb\anul1-sem2\Programare orientata obiect\Laborator\lab10-11\lab10-11\"
Modules: Selected: D:\ubb\anul1-sem2\Programare orientata obiect\Laborator\lab10-11\lab10-11\x64\Debug\lab10-11.exe Excluded: 
Sources: Selected: D:\ubb\anul1-sem2\Programare orientata obiect\Laborator\lab10-11\lab10-11 Excluded: 
Log Level: Normal
Cover Children: 0
Aggregate by file: 1
Continue after C++ exception: 0
Optimized build support: 0
Export: Binary C:\Users\Razvan Stratila\AppData\Local\Temp\kvurvwpc.dte 
Input coverage: 
Unified diff: 
Excluded line regular expressions: 
Substitute pdb source paths: 

[2023-05-19 16:47:28] [info] Module: D:\ubb\anul1-sem2\Programare orientata obiect\Laborator\lab10-11\lab10-11\x64\Debug\lab10-11.exe is selected because it matches selected pattern: D:\ubb\anul1-sem2\Programare orientata obiect\Laborator\lab10-11\lab10-11\x64\Debug\lab10-11.exe
[2023-05-19 16:47:31] [info] ----------------------------------------------------
[2023-05-19 16:47:31] [info] Coverage binary generated in file: C:\Users\Razvan Stratila\AppData\Local\Temp\kvurvwpc.dte
[2023-05-19 16:47:31] [info] ----------------------------------------------------
