[2023-04-28 13:14:58] [info] Start Program:
Path:"D:\ubb\anul1-sem2\Programare orientata obiect\Laborator\lab6-7\lab6-7\x64\Debug\lab6-7.exe"
Arguments:
Working directory: "D:\ubb\anul1-sem2\Programare orientata obiect\Laborator\lab6-7\lab6-7\"
Modules: Selected: D:\ubb\anul1-sem2\Programare orientata obiect\Laborator\lab6-7\lab6-7\x64\Debug\lab6-7.exe Excluded: 
Sources: Selected: D:\ubb\anul1-sem2\Programare orientata obiect\Laborator\lab6-7\lab6-7 Excluded: 
Log Level: Normal
Cover Children: 0
Aggregate by file: 1
Continue after C++ exception: 0
Optimized build support: 0
Export: Binary C:\Users\Razvan Stratila\AppData\Local\Temp\cqbp0vlb.2i0 
Input coverage: 
Unified diff: 
Excluded line regular expressions: 
Substitute pdb source paths: 

[2023-04-28 13:14:58] [info] Module: D:\ubb\anul1-sem2\Programare orientata obiect\Laborator\lab6-7\lab6-7\x64\Debug\lab6-7.exe is selected because it matches selected pattern: D:\ubb\anul1-sem2\Programare orientata obiect\Laborator\lab6-7\lab6-7\x64\Debug\lab6-7.exe
[2023-04-28 13:15:04] [info] ----------------------------------------------------
[2023-04-28 13:15:04] [info] Coverage binary generated in file: C:\Users\Razvan Stratila\AppData\Local\Temp\cqbp0vlb.2i0
[2023-04-28 13:15:04] [info] ----------------------------------------------------
